[0m15:11:52.835238 [debug] [MainThread]: Sending event: {'category': 'dbt', 'action': 'invocation', 'label': 'start', 'context': [<snowplow_tracker.self_describing_json.SelfDescribingJson object at 0x10458fc10>, <snowplow_tracker.self_describing_json.SelfDescribingJson object at 0x1045becd0>, <snowplow_tracker.self_describing_json.SelfDescribingJson object at 0x1045bfb10>]}


============================== 15:11:52.837888 | 4e3bc410-7dd1-4c5e-8bff-3be1d64ed99e ==============================
[0m15:11:52.837888 [info ] [MainThread]: Running with dbt=1.9.2
[0m15:11:52.838227 [debug] [MainThread]: running dbt with arguments {'printer_width': '80', 'indirect_selection': 'eager', 'log_cache_events': 'False', 'write_json': 'True', 'partial_parse': 'True', 'cache_selected_only': 'False', 'warn_error': 'None', 'debug': 'False', 'profiles_dir': '/Users/lorenzschrader/.dbt', 'log_path': 'logs', 'fail_fast': 'False', 'version_check': 'True', 'use_colors': 'True', 'use_experimental_parser': 'False', 'empty': 'None', 'quiet': 'False', 'no_print': 'None', 'warn_error_options': 'WarnErrorOptions(include=[], exclude=[])', 'introspect': 'True', 'static_parser': 'True', 'invocation_command': 'dbt init jaffle_shop', 'target_path': 'None', 'log_format': 'default', 'send_anonymous_usage_stats': 'True'}
[0m15:11:52.842859 [warn ] [MainThread]: [ConfigFolderDirectory]: Unable to parse logging event dictionary. Failed to parse dir field: expected string or bytes-like object, got 'PosixPath'.. Dictionary: {'dir': PosixPath('/Users/lorenzschrader/.dbt')}
[0m15:11:52.843077 [info ] [MainThread]: Creating dbt configuration folder at 
[0m15:11:52.843734 [debug] [MainThread]: Starter project path: /Users/lorenzschrader/.pyenv/versions/3.11.9/envs/9fwr/lib/python3.11/site-packages/dbt/include/starter_project
[0m15:11:52.846159 [info ] [MainThread]: 
Your new dbt project "jaffle_shop" was created!

For more information on how to configure the profiles.yml file,
please consult the dbt documentation here:

  https://docs.getdbt.com/docs/configure-your-profile

One more thing:

Need help? Don't hesitate to reach out to us via GitHub issues or on Slack:

  https://community.getdbt.com/

Happy modeling!

[0m15:11:52.846342 [info ] [MainThread]: Setting up your profile.
[0m15:11:52.846664 [error] [MainThread]: Encountered an error:
Runtime Error
  No adapters available. Learn how to install an adapter by going to https://docs.getdbt.com/docs/connect-adapters#install-using-the-cli
[0m15:11:52.971221 [debug] [MainThread]: Resource report: {"command_name": "init", "command_success": false, "command_wall_clock_time": 0.18368746, "process_in_blocks": "0", "process_kernel_time": 0.143656, "process_mem_max_rss": "97501184", "process_out_blocks": "0", "process_user_time": 0.797402}
[0m15:11:52.971640 [debug] [MainThread]: Command `dbt init` failed at 15:11:52.971586 after 0.18 seconds
[0m15:11:52.971859 [debug] [MainThread]: Sending event: {'category': 'dbt', 'action': 'invocation', 'label': 'end', 'context': [<snowplow_tracker.self_describing_json.SelfDescribingJson object at 0x104545f90>, <snowplow_tracker.self_describing_json.SelfDescribingJson object at 0x104598290>, <snowplow_tracker.self_describing_json.SelfDescribingJson object at 0x100848c90>]}
[0m15:11:52.972066 [debug] [MainThread]: Flushing usage events
[0m15:11:53.451110 [debug] [MainThread]: An error was encountered while trying to flush usage events
[0m15:12:33.963732 [debug] [MainThread]: Sending event: {'category': 'dbt', 'action': 'invocation', 'label': 'start', 'context': [<snowplow_tracker.self_describing_json.SelfDescribingJson object at 0x1088bdfd0>, <snowplow_tracker.self_describing_json.SelfDescribingJson object at 0x108937190>, <snowplow_tracker.self_describing_json.SelfDescribingJson object at 0x108937a90>]}


============================== 15:12:33.966120 | 3b8fee76-750c-4bc4-aafe-e274c0f55778 ==============================
[0m15:12:33.966120 [info ] [MainThread]: Running with dbt=1.9.2
[0m15:12:33.966444 [debug] [MainThread]: running dbt with arguments {'printer_width': '80', 'indirect_selection': 'eager', 'log_cache_events': 'False', 'write_json': 'True', 'partial_parse': 'True', 'cache_selected_only': 'False', 'profiles_dir': '/Users/lorenzschrader/.dbt', 'fail_fast': 'False', 'version_check': 'True', 'log_path': 'logs', 'warn_error': 'None', 'debug': 'False', 'use_colors': 'True', 'use_experimental_parser': 'False', 'empty': 'None', 'quiet': 'False', 'no_print': 'None', 'warn_error_options': 'WarnErrorOptions(include=[], exclude=[])', 'static_parser': 'True', 'log_format': 'default', 'invocation_command': 'dbt init jaffle_shop', 'target_path': 'None', 'introspect': 'True', 'send_anonymous_usage_stats': 'True'}
[0m15:12:33.970961 [info ] [MainThread]: A project called jaffle_shop already exists here.
[0m15:12:33.971743 [debug] [MainThread]: Resource report: {"command_name": "init", "command_success": true, "command_wall_clock_time": 0.041808918, "process_in_blocks": "0", "process_kernel_time": 0.104586, "process_mem_max_rss": "97796096", "process_out_blocks": "0", "process_user_time": 0.600568}
[0m15:12:33.971984 [debug] [MainThread]: Command `dbt init` succeeded at 15:12:33.971925 after 0.04 seconds
[0m15:12:33.972208 [debug] [MainThread]: Sending event: {'category': 'dbt', 'action': 'invocation', 'label': 'end', 'context': [<snowplow_tracker.self_describing_json.SelfDescribingJson object at 0x1085f3210>, <snowplow_tracker.self_describing_json.SelfDescribingJson object at 0x10893fdd0>, <snowplow_tracker.self_describing_json.SelfDescribingJson object at 0x10893ff90>]}
[0m15:12:33.972403 [debug] [MainThread]: Flushing usage events
[0m15:12:34.414181 [debug] [MainThread]: An error was encountered while trying to flush usage events
[0m15:24:34.199134 [debug] [MainThread]: Sending event: {'category': 'dbt', 'action': 'invocation', 'label': 'start', 'context': [<snowplow_tracker.self_describing_json.SelfDescribingJson object at 0x108f177d0>, <snowplow_tracker.self_describing_json.SelfDescribingJson object at 0x108f3e9d0>, <snowplow_tracker.self_describing_json.SelfDescribingJson object at 0x108f3f810>]}


============================== 15:24:34.201968 | 4c4822ce-27bc-4fa3-af08-0496f63b8e6a ==============================
[0m15:24:34.201968 [info ] [MainThread]: Running with dbt=1.9.2
[0m15:24:34.202299 [debug] [MainThread]: running dbt with arguments {'printer_width': '80', 'indirect_selection': 'eager', 'log_cache_events': 'False', 'write_json': 'True', 'partial_parse': 'True', 'cache_selected_only': 'False', 'warn_error': 'None', 'debug': 'False', 'version_check': 'True', 'log_path': 'logs', 'fail_fast': 'False', 'profiles_dir': '/Users/lorenzschrader/.dbt', 'use_colors': 'True', 'use_experimental_parser': 'False', 'empty': 'None', 'quiet': 'False', 'no_print': 'None', 'warn_error_options': 'WarnErrorOptions(include=[], exclude=[])', 'static_parser': 'True', 'invocation_command': 'dbt debug', 'introspect': 'True', 'target_path': 'None', 'log_format': 'default', 'send_anonymous_usage_stats': 'True'}
[0m15:24:34.210036 [info ] [MainThread]: dbt version: 1.9.2
[0m15:24:34.210253 [info ] [MainThread]: python version: 3.11.9
[0m15:24:34.210431 [info ] [MainThread]: python path: /Users/lorenzschrader/.pyenv/versions/3.11.9/envs/9fwr/bin/python
[0m15:24:34.210582 [info ] [MainThread]: os info: macOS-15.2-arm64-arm-64bit
[0m15:24:34.213223 [info ] [MainThread]: Error importing adapter: No module named 'dbt.adapters.bigquery'
[0m15:24:34.213492 [info ] [MainThread]: Using profiles dir at /Users/lorenzschrader/.dbt
[0m15:24:34.213640 [info ] [MainThread]: Using profiles.yml file at /Users/lorenzschrader/.dbt/profiles.yml
[0m15:24:34.213780 [info ] [MainThread]: Using dbt_project.yml file at /Users/lorenzschrader/code/dbt-example/dbt_project.yml
[0m15:24:34.213920 [info ] [MainThread]: Configuration:
[0m15:24:34.214055 [info ] [MainThread]:   profiles.yml file [[31mERROR invalid[0m]
[0m15:24:34.214182 [info ] [MainThread]:   dbt_project.yml file [[31mERROR not found[0m]
[0m15:24:34.214307 [info ] [MainThread]: Required dependencies:
[0m15:24:34.214465 [debug] [MainThread]: Executing "git --help"
[0m15:24:34.220759 [debug] [MainThread]: STDOUT: "b"usage: git [-v | --version] [-h | --help] [-C <path>] [-c <name>=<value>]\n           [--exec-path[=<path>]] [--html-path] [--man-path] [--info-path]\n           [-p | --paginate | -P | --no-pager] [--no-replace-objects] [--no-lazy-fetch]\n           [--no-optional-locks] [--no-advice] [--bare] [--git-dir=<path>]\n           [--work-tree=<path>] [--namespace=<name>] [--config-env=<name>=<envvar>]\n           <command> [<args>]\n\nThese are common Git commands used in various situations:\n\nstart a working area (see also: git help tutorial)\n   clone     Clone a repository into a new directory\n   init      Create an empty Git repository or reinitialize an existing one\n\nwork on the current change (see also: git help everyday)\n   add       Add file contents to the index\n   mv        Move or rename a file, a directory, or a symlink\n   restore   Restore working tree files\n   rm        Remove files from the working tree and from the index\n\nexamine the history and state (see also: git help revisions)\n   bisect    Use binary search to find the commit that introduced a bug\n   diff      Show changes between commits, commit and working tree, etc\n   grep      Print lines matching a pattern\n   log       Show commit logs\n   show      Show various types of objects\n   status    Show the working tree status\n\ngrow, mark and tweak your common history\n   branch    List, create, or delete branches\n   commit    Record changes to the repository\n   merge     Join two or more development histories together\n   rebase    Reapply commits on top of another base tip\n   reset     Reset current HEAD to the specified state\n   switch    Switch branches\n   tag       Create, list, delete or verify a tag object signed with GPG\n\ncollaborate (see also: git help workflows)\n   fetch     Download objects and refs from another repository\n   pull      Fetch from and integrate with another repository or a local branch\n   push      Update remote refs along with associated objects\n\n'git help -a' and 'git help -g' list available subcommands and some\nconcept guides. See 'git help <command>' or 'git help <concept>'\nto read about a specific subcommand or concept.\nSee 'git help git' for an overview of the system.\n""
[0m15:24:34.221200 [debug] [MainThread]: STDERR: "b''"
[0m15:24:34.221364 [info ] [MainThread]:  - git [[32mOK found[0m]

[0m15:24:34.221513 [info ] [MainThread]: Connection test skipped since no profile was found
[0m15:24:34.221718 [info ] [MainThread]: [31m2 checks failed:[0m
[0m15:24:34.221855 [info ] [MainThread]: Could not load dbt_project.yml
Profile loading failed for the following reason:
Runtime Error
  Credentials in profile "jaffle_shop", target "dev" invalid: Runtime Error
    Could not find adapter type bigquery!


[0m15:24:34.222017 [info ] [MainThread]: Project loading failed for the following reason:
 project path </Users/lorenzschrader/code/dbt-example/dbt_project.yml> not found

[0m15:24:34.223290 [debug] [MainThread]: Resource report: {"command_name": "debug", "command_success": false, "command_wall_clock_time": 0.058755916, "process_in_blocks": "0", "process_kernel_time": 0.122767, "process_mem_max_rss": "97648640", "process_out_blocks": "0", "process_user_time": 0.614115}
[0m15:24:34.223543 [debug] [MainThread]: Command `dbt debug` failed at 15:24:34.223491 after 0.06 seconds
[0m15:24:34.223807 [debug] [MainThread]: Sending event: {'category': 'dbt', 'action': 'invocation', 'label': 'end', 'context': [<snowplow_tracker.self_describing_json.SelfDescribingJson object at 0x108f3f090>, <snowplow_tracker.self_describing_json.SelfDescribingJson object at 0x108dc2350>, <snowplow_tracker.self_describing_json.SelfDescribingJson object at 0x105115050>]}
[0m15:24:34.224028 [debug] [MainThread]: Flushing usage events
[0m15:24:34.712439 [debug] [MainThread]: An error was encountered while trying to flush usage events
